<?xml version="1.0" encoding="UTF-8"?>
<!-- Generated by org.testng.reporters.JUnitReportReporter -->
<testsuite hostname="DESKTOP-EK5PKPI" failures="0" tests="1" name="testCases.TC_002LoginTest" time="1.984" errors="0" timestamp="2024-09-16T13:38:27 IST" skipped="0">
  <testcase classname="testCases.TC_002LoginTest" name="verify_loginTest" time="1.984"/>
</testsuite> <!-- testCases.TC_002LoginTest -->
