<?xml version="1.0" encoding="UTF-8"?>
<!-- Generated by org.testng.reporters.JUnitReportReporter -->
<testsuite hostname="DESKTOP-EK5PKPI" failures="0" tests="4" name="testCases.TC_003LoginDDT" time="14.062" errors="0" timestamp="2024-09-15T22:02:18 IST" skipped="0">
  <testcase classname="testCases.TC_003LoginDDT" name="verify_loginDDT" time="1.988"/>
  <testcase classname="testCases.TC_003LoginDDT" name="verify_loginDDT" time="5.094"/>
  <testcase classname="testCases.TC_003LoginDDT" name="verify_loginDDT" time="5.093"/>
  <testcase classname="testCases.TC_003LoginDDT" name="verify_loginDDT" time="1.887"/>
</testsuite> <!-- testCases.TC_003LoginDDT -->
